p/87.jpg 1 0 0 400 400
p/9.jpg 1 0 0 400 400
p/90.jpg 1 0 0 400 400
p/91.jpg 1 0 0 400 400
p/92.jpg 1 0 0 400 400
p/93.jpg 1 0 0 400 400
p/94.jpg 1 0 0 400 400
p/96.jpg 1 0 0 400 400
p/97.jpg 1 0 0 400 400
p/396.jpg 1 0 0 400 400
p/4.jpg 1 0 0 400 400
p/5.jpg 1 0 0 400 400
p/6.jpg 1 0 0 400 400
p/7.jpg 1 0 0 400 400
p/77.jpg 1 0 0 400 400
p/78.jpg 1 0 0 400 400
p/79.jpg 1 0 0 400 400
p/8.jpg 1 0 0 400 400
p/80.jpg 1 0 0 400 400
p/81.jpg 1 0 0 400 400
p/86.jpg 1 0 0 400 400
p/377.jpg 1 0 0 400 400
p/378.jpg 1 0 0 400 400
p/379.jpg 1 0 0 400 400
p/382.jpg 1 0 0 400 400
p/383.jpg 1 0 0 400 400
p/385.jpg 1 0 0 400 400
p/388.jpg 1 0 0 400 400
p/390.jpg 1 0 0 400 400
p/391.jpg 1 0 0 400 400
p/393.jpg 1 0 0 400 400
p/394.jpg 1 0 0 400 400
p/395.jpg 1 0 0 400 400
p/360.jpg 1 0 0 400 400
p/361.jpg 1 0 0 400 400
p/362.jpg 1 0 0 400 400
p/363.jpg 1 0 0 400 400
p/364.jpg 1 0 0 400 400
p/366.jpg 1 0 0 400 400
p/369.jpg 1 0 0 400 400
p/370.jpg 1 0 0 400 400
p/371.jpg 1 0 0 400 400
p/375.jpg 1 0 0 400 400
p/338.jpg 1 0 0 400 400
p/339.jpg 1 0 0 400 400
p/34.jpg 1 0 0 400 400
p/341.jpg 1 0 0 400 400
p/343.jpg 1 0 0 400 400
p/344.jpg 1 0 0 400 400
p/346.jpg 1 0 0 400 400
p/347.jpg 1 0 0 400 400
p/348.jpg 1 0 0 400 400
p/349.jpg 1 0 0 400 400
p/352.jpg 1 0 0 400 400
p/354.jpg 1 0 0 400 400
p/355.jpg 1 0 0 400 400
p/318.jpg 1 0 0 400 400
p/320.jpg 1 0 0 400 400
p/321.jpg 1 0 0 400 400
p/324.jpg 1 0 0 400 400
p/325.jpg 1 0 0 400 400
p/326.jpg 1 0 0 400 400
p/329.jpg 1 0 0 400 400
p/331.jpg 1 0 0 400 400
p/332.jpg 1 0 0 400 400
p/333.jpg 1 0 0 400 400
p/335.jpg 1 0 0 400 400
p/336.jpg 1 0 0 400 400
p/302.jpg 1 0 0 400 400
p/303.jpg 1 0 0 400 400
p/305.jpg 1 0 0 400 400
p/306.jpg 1 0 0 400 400
p/307.jpg 1 0 0 400 400
p/308.jpg 1 0 0 400 400
p/310.jpg 1 0 0 400 400
p/311.jpg 1 0 0 400 400
p/312.jpg 1 0 0 400 400
p/313.jpg 1 0 0 400 400
p/314.jpg 1 0 0 400 400
p/315.jpg 1 0 0 400 400
p/316.jpg 1 0 0 400 400
p/317.jpg 1 0 0 400 400
p/288.jpg 1 0 0 400 400
p/289.jpg 1 0 0 400 400
p/290.jpg 1 0 0 400 400
p/291.jpg 1 0 0 400 400
p/293.jpg 1 0 0 400 400
p/294.jpg 1 0 0 400 400
p/296.jpg 1 0 0 400 400
p/297.jpg 1 0 0 400 400
p/299.jpg 1 0 0 400 400
p/3.jpg 1 0 0 400 400
p/300.jpg 1 0 0 400 400
p/275.jpg 1 0 0 400 400
p/277.jpg 1 0 0 400 400
p/279.jpg 1 0 0 400 400
p/28.jpg 1 0 0 400 400
p/280.jpg 1 0 0 400 400
p/281.jpg 1 0 0 400 400
p/282.jpg 1 0 0 400 400
p/283.jpg 1 0 0 400 400
p/284.jpg 1 0 0 400 400
p/285.jpg 1 0 0 400 400
p/286.jpg 1 0 0 400 400
p/287.jpg 1 0 0 400 400
p/255.jpg 1 0 0 400 400
p/256.jpg 1 0 0 400 400
p/259.jpg 1 0 0 400 400
p/26.jpg 1 0 0 400 400
p/260.jpg 1 0 0 400 400
p/261.jpg 1 0 0 400 400
p/263.jpg 1 0 0 400 400
p/264.jpg 1 0 0 400 400
p/269.jpg 1 0 0 400 400
p/27.jpg 1 0 0 400 400
p/270.jpg 1 0 0 400 400
p/272.jpg 1 0 0 400 400
p/243.jpg 1 0 0 400 400
p/244.jpg 1 0 0 400 400
p/245.jpg 1 0 0 400 400
p/246.jpg 1 0 0 400 400
p/247.jpg 1 0 0 400 400
p/248.jpg 1 0 0 400 400
p/249.jpg 1 0 0 400 400
p/25.jpg 1 0 0 400 400
p/250.jpg 1 0 0 400 400
p/252.jpg 1 0 0 400 400
p/253.jpg 1 0 0 400 400
p/254.jpg 1 0 0 400 400
p/228.jpg 1 0 0 400 400
p/229.jpg 1 0 0 400 400
p/23.jpg 1 0 0 400 400
p/230.jpg 1 0 0 400 400
p/234.jpg 1 0 0 400 400
p/235.jpg 1 0 0 400 400
p/236.jpg 1 0 0 400 400
p/237.jpg 1 0 0 400 400
p/239.jpg 1 0 0 400 400
p/240.jpg 1 0 0 400 400
p/241.jpg 1 0 0 400 400
p/210.jpg 1 0 0 400 400
p/212.jpg 1 0 0 400 400
p/215.jpg 1 0 0 400 400
p/216.jpg 1 0 0 400 400
p/217.jpg 1 0 0 400 400
p/218.jpg 1 0 0 400 400
p/220.jpg 1 0 0 400 400
p/221.jpg 1 0 0 400 400
p/222.jpg 1 0 0 400 400
p/223.jpg 1 0 0 400 400
p/224.jpg 1 0 0 400 400
p/226.jpg 1 0 0 400 400
p/227.jpg 1 0 0 400 400
p/191.jpg 1 0 0 400 400
p/194.jpg 1 0 0 400 400
p/195.jpg 1 0 0 400 400
p/196.jpg 1 0 0 400 400
p/2.jpg 1 0 0 400 400
p/20.jpg 1 0 0 400 400
p/200.jpg 1 0 0 400 400
p/201.jpg 1 0 0 400 400
p/202.jpg 1 0 0 400 400
p/203.jpg 1 0 0 400 400
p/204.jpg 1 0 0 400 400
p/206.jpg 1 0 0 400 400
p/207.jpg 1 0 0 400 400
p/209.jpg 1 0 0 400 400
p/172.jpg 1 0 0 400 400
p/173.jpg 1 0 0 400 400
p/174.jpg 1 0 0 400 400
p/176.jpg 1 0 0 400 400
p/178.jpg 1 0 0 400 400
p/179.jpg 1 0 0 400 400
p/18.jpg 1 0 0 400 400
p/183.jpg 1 0 0 400 400
p/184.jpg 1 0 0 400 400
p/185.jpg 1 0 0 400 400
p/186.jpg 1 0 0 400 400
p/188.jpg 1 0 0 400 400
p/19.jpg 1 0 0 400 400
p/190.jpg 1 0 0 400 400
p/154.jpg 1 0 0 400 400
p/155.jpg 1 0 0 400 400
p/156.jpg 1 0 0 400 400
p/158.jpg 1 0 0 400 400
p/159.jpg 1 0 0 400 400
p/161.jpg 1 0 0 400 400
p/165.jpg 1 0 0 400 400
p/166.jpg 1 0 0 400 400
p/167.jpg 1 0 0 400 400
p/168.jpg 1 0 0 400 400
p/17.jpg 1 0 0 400 400
p/170.jpg 1 0 0 400 400
p/171.jpg 1 0 0 400 400
p/131.jpg 1 0 0 400 400
p/132.jpg 1 0 0 400 400
p/134.jpg 1 0 0 400 400
p/136.jpg 1 0 0 400 400
p/137.jpg 1 0 0 400 400
p/138.jpg 1 0 0 400 400
p/14.jpg 1 0 0 400 400
p/140.jpg 1 0 0 400 400
p/142.jpg 1 0 0 400 400
p/143.jpg 1 0 0 400 400
p/144.jpg 1 0 0 400 400
p/148.jpg 1 0 0 400 400
p/149.jpg 1 0 0 400 400
p/153.jpg 1 0 0 400 400
p/115.jpg 1 0 0 400 400
p/116.jpg 1 0 0 400 400
p/118.jpg 1 0 0 400 400
p/119.jpg 1 0 0 400 400
p/12.jpg 1 0 0 400 400
p/120.jpg 1 0 0 400 400
p/121.jpg 1 0 0 400 400
p/122.jpg 1 0 0 400 400
p/124.jpg 1 0 0 400 400
p/127.jpg 1 0 0 400 400
p/128.jpg 1 0 0 400 400
p/129.jpg 1 0 0 400 400
p/130.jpg 1 0 0 400 400
p/1.jpg 1 0 0 400 400
p/10.jpg 1 0 0 400 400
p/101.jpg 1 0 0 400 400
p/102.jpg 1 0 0 400 400
p/103.jpg 1 0 0 400 400
p/104.jpg 1 0 0 400 400
p/107.jpg 1 0 0 400 400
p/108.jpg 1 0 0 400 400
p/109.jpg 1 0 0 400 400
p/11.jpg 1 0 0 400 400
p/111.jpg 1 0 0 400 400
p/112.jpg 1 0 0 400 400
p/113.jpg 1 0 0 400 400
p/95.jpg 1 0 0 400 400
p/387.jpg 1 0 0 400 400
p/389.jpg 1 0 0 400 400
p/392.jpg 1 0 0 400 400
p/397.jpg 1 0 0 400 400
p/398.jpg 1 0 0 400 400
p/82.jpg 1 0 0 400 400
p/83.jpg 1 0 0 400 400
p/84.jpg 1 0 0 400 400
p/85.jpg 1 0 0 400 400
p/88.jpg 1 0 0 400 400
p/89.jpg 1 0 0 400 400
p/368.jpg 1 0 0 400 400
p/37.jpg 1 0 0 400 400
p/372.jpg 1 0 0 400 400
p/373.jpg 1 0 0 400 400
p/374.jpg 1 0 0 400 400
p/376.jpg 1 0 0 400 400
p/380.jpg 1 0 0 400 400
p/381.jpg 1 0 0 400 400
p/384.jpg 1 0 0 400 400
p/386.jpg 1 0 0 400 400
p/35.jpg 1 0 0 400 400
p/350.jpg 1 0 0 400 400
p/351.jpg 1 0 0 400 400
p/353.jpg 1 0 0 400 400
p/356.jpg 1 0 0 400 400
p/357.jpg 1 0 0 400 400
p/358.jpg 1 0 0 400 400
p/359.jpg 1 0 0 400 400
p/36.jpg 1 0 0 400 400
p/365.jpg 1 0 0 400 400
p/367.jpg 1 0 0 400 400
p/322.jpg 1 0 0 400 400
p/323.jpg 1 0 0 400 400
p/327.jpg 1 0 0 400 400
p/328.jpg 1 0 0 400 400
p/330.jpg 1 0 0 400 400
p/334.jpg 1 0 0 400 400
p/337.jpg 1 0 0 400 400
p/340.jpg 1 0 0 400 400
p/342.jpg 1 0 0 400 400
p/345.jpg 1 0 0 400 400
p/274.jpg 1 0 0 400 400
p/276.jpg 1 0 0 400 400
p/278.jpg 1 0 0 400 400
p/29.jpg 1 0 0 400 400
p/292.jpg 1 0 0 400 400
p/295.jpg 1 0 0 400 400
p/298.jpg 1 0 0 400 400
p/30.jpg 1 0 0 400 400
p/301.jpg 1 0 0 400 400
p/304.jpg 1 0 0 400 400
p/309.jpg 1 0 0 400 400
p/31.jpg 1 0 0 400 400
p/319.jpg 1 0 0 400 400
p/242.jpg 1 0 0 400 400
p/251.jpg 1 0 0 400 400
p/257.jpg 1 0 0 400 400
p/258.jpg 1 0 0 400 400
p/262.jpg 1 0 0 400 400
p/265.jpg 1 0 0 400 400
p/266.jpg 1 0 0 400 400
p/267.jpg 1 0 0 400 400
p/268.jpg 1 0 0 400 400
p/271.jpg 1 0 0 400 400
p/273.jpg 1 0 0 400 400
p/219.jpg 1 0 0 400 400
p/22.jpg 1 0 0 400 400
p/225.jpg 1 0 0 400 400
p/231.jpg 1 0 0 400 400
p/232.jpg 1 0 0 400 400
p/233.jpg 1 0 0 400 400
p/238.jpg 1 0 0 400 400
p/24.jpg 1 0 0 400 400
p/21.jpg 1 0 0 400 400
p/211.jpg 1 0 0 400 400
p/213.jpg 1 0 0 400 400
p/214.jpg 1 0 0 400 400
p/162.jpg 1 0 0 400 400
p/163.jpg 1 0 0 400 400
p/164.jpg 1 0 0 400 400
p/169.jpg 1 0 0 400 400
p/175.jpg 1 0 0 400 400
p/177.jpg 1 0 0 400 400
p/189.jpg 1 0 0 400 400
p/192.jpg 1 0 0 400 400
p/193.jpg 1 0 0 400 400
p/197.jpg 1 0 0 400 400
p/198.jpg 1 0 0 400 400
p/199.jpg 1 0 0 400 400
p/205.jpg 1 0 0 400 400
p/208.jpg 1 0 0 400 400
p/13.jpg 1 0 0 400 400
p/133.jpg 1 0 0 400 400
p/135.jpg 1 0 0 400 400
p/139.jpg 1 0 0 400 400
p/141.jpg 1 0 0 400 400
p/145.jpg 1 0 0 400 400
p/146.jpg 1 0 0 400 400
p/147.jpg 1 0 0 400 400
p/15.jpg 1 0 0 400 400
p/150.jpg 1 0 0 400 400
p/151.jpg 1 0 0 400 400
p/152.jpg 1 0 0 400 400
p/16.jpg 1 0 0 400 400
p/160.jpg 1 0 0 400 400
p/125.jpg 1 0 0 400 400
p/126.jpg 1 0 0 400 400
p/100.jpg 1 0 0 400 400
p/105.jpg 1 0 0 400 400
p/106.jpg 1 0 0 400 400
p/110.jpg 1 0 0 400 400
p/114.jpg 1 0 0 400 400
p/117.jpg 1 0 0 400 400
p/123.jpg 1 0 0 400 400