p/219.jpg 1 0 0 300 300
p/216.jpg 1 0 0 300 300
p/213.jpg 1 0 0 300 300
p/209.jpg 1 0 0 300 300
p/206.jpg 1 0 0 300 300
p/203.jpg 1 0 0 300 300
p/199.jpg 1 0 0 300 300
p/196.jpg 1 0 0 300 300
p/193.jpg 1 0 0 300 300
p/189.jpg 1 0 0 300 300
p/179.jpg 1 0 0 300 300
p/186.jpg 1 0 0 300 300
p/183.jpg 1 0 0 300 300
p/180.jpg 1 0 0 300 300
p/176.jpg 1 0 0 300 300
p/173.jpg 1 0 0 300 300
p/170.jpg 1 0 0 300 300
p/166.jpg 1 0 0 300 300
p/163.jpg 1 0 0 300 300
p/160.jpg 1 0 0 300 300
p/156.jpg 1 0 0 300 300
p/146.jpg 1 0 0 300 300
p/153.jpg 1 0 0 300 300
p/150.jpg 1 0 0 300 300
p/147.jpg 1 0 0 300 300
p/143.jpg 1 0 0 300 300
p/140.jpg 1 0 0 300 300
p/137.jpg 1 0 0 300 300
p/133.jpg 1 0 0 300 300
p/130.jpg 1 0 0 300 300
p/127.jpg 1 0 0 300 300
p/113.jpg 1 0 0 300 300
p/123.jpg 1 0 0 300 300
p/120.jpg 1 0 0 300 300
p/117.jpg 1 0 0 300 300
p/114.jpg 1 0 0 300 300
p/109.jpg 1 0 0 300 300
p/106.jpg 1 0 0 300 300
p/103.jpg 1 0 0 300 300
p/99.jpg 1 0 0 300 300
p/96.jpg 1 0 0 300 300
p/93.jpg 1 0 0 300 300
p/89.jpg 1 0 0 300 300
p/79.jpg 1 0 0 300 300
p/86.jpg 1 0 0 300 300
p/83.jpg 1 0 0 300 300
p/80.jpg 1 0 0 300 300
p/76.jpg 1 0 0 300 300
p/73.jpg 1 0 0 300 300
p/70.jpg 1 0 0 300 300
p/66.jpg 1 0 0 300 300
p/63.jpg 1 0 0 300 300
p/60.jpg 1 0 0 300 300
p/56.jpg 1 0 0 300 300
p/46.jpg 1 0 0 300 300
p/53.jpg 1 0 0 300 300
p/50.jpg 1 0 0 300 300
p/47.jpg 1 0 0 300 300
p/43.jpg 1 0 0 300 300
p/40.jpg 1 0 0 300 300
p/37.jpg 1 0 0 300 300
p/33.jpg 1 0 0 300 300
p/30.jpg 1 0 0 300 300
p/27.jpg 1 0 0 300 300
p/23.jpg 1 0 0 300 300
p/13.jpg 1 0 0 300 300
p/20.jpg 1 0 0 300 300
p/17.jpg 1 0 0 300 300
p/14.jpg 1 0 0 300 300
p/10.jpg 1 0 0 300 300
p/7.jpg 1 0 0 300 300
p/4.jpg 1 0 0 300 300
p/300.jpg 1 0 0 300 300
p/297.jpg 1 0 0 300 300
p/294.jpg 1 0 0 300 300
p/290.jpg 1 0 0 300 300
p/280.jpg 1 0 0 300 300
p/287.jpg 1 0 0 300 300
p/284.jpg 1 0 0 300 300
p/281.jpg 1 0 0 300 300
p/277.jpg 1 0 0 300 300
p/274.jpg 1 0 0 300 300
p/271.jpg 1 0 0 300 300
p/267.jpg 1 0 0 300 300
p/264.jpg 1 0 0 300 300
p/261.jpg 1 0 0 300 300
p/257.jpg 1 0 0 300 300
p/247.jpg 1 0 0 300 300
p/254.jpg 1 0 0 300 300
p/251.jpg 1 0 0 300 300
p/248.jpg 1 0 0 300 300
p/244.jpg 1 0 0 300 300
p/241.jpg 1 0 0 300 300
p/238.jpg 1 0 0 300 300
p/234.jpg 1 0 0 300 300
p/231.jpg 1 0 0 300 300
p/228.jpg 1 0 0 300 300
p/222.jpg 1 0 0 300 300
p/212.jpg 1 0 0 300 300
p/112.jpg 1 0 0 300 300
p/218.jpg 1 0 0 300 300
p/215.jpg 1 0 0 300 300
p/211.jpg 1 0 0 300 300
p/208.jpg 1 0 0 300 300
p/205.jpg 1 0 0 300 300
p/202.jpg 1 0 0 300 300
p/198.jpg 1 0 0 300 300
p/192.jpg 1 0 0 300 300
p/195.jpg 1 0 0 300 300
p/188.jpg 1 0 0 300 300
p/168.jpg 1 0 0 300 300
p/185.jpg 1 0 0 300 300
p/182.jpg 1 0 0 300 300
p/178.jpg 1 0 0 300 300
p/175.jpg 1 0 0 300 300
p/172.jpg 1 0 0 300 300
p/169.jpg 1 0 0 300 300
p/165.jpg 1 0 0 300 300
p/162.jpg 1 0 0 300 300
p/159.jpg 1 0 0 300 300
p/155.jpg 1 0 0 300 300
p/135.jpg 1 0 0 300 300
p/152.jpg 1 0 0 300 300
p/149.jpg 1 0 0 300 300
p/145.jpg 1 0 0 300 300
p/142.jpg 1 0 0 300 300
p/139.jpg 1 0 0 300 300
p/136.jpg 1 0 0 300 300
p/132.jpg 1 0 0 300 300
p/129.jpg 1 0 0 300 300
p/126.jpg 1 0 0 300 300
p/122.jpg 1 0 0 300 300
p/101.jpg 1 0 0 300 300
p/119.jpg 1 0 0 300 300
p/116.jpg 1 0 0 300 300
p/111.jpg 1 0 0 300 300
p/108.jpg 1 0 0 300 300
p/105.jpg 1 0 0 300 300
p/102.jpg 1 0 0 300 300
p/98.jpg 1 0 0 300 300
p/95.jpg 1 0 0 300 300
p/92.jpg 1 0 0 300 300
p/88.jpg 1 0 0 300 300
p/68.jpg 1 0 0 300 300
p/85.jpg 1 0 0 300 300
p/82.jpg 1 0 0 300 300
p/78.jpg 1 0 0 300 300
p/75.jpg 1 0 0 300 300
p/72.jpg 1 0 0 300 300
p/69.jpg 1 0 0 300 300
p/65.jpg 1 0 0 300 300
p/62.jpg 1 0 0 300 300
p/59.jpg 1 0 0 300 300
p/55.jpg 1 0 0 300 300
p/35.jpg 1 0 0 300 300
p/52.jpg 1 0 0 300 300
p/49.jpg 1 0 0 300 300
p/45.jpg 1 0 0 300 300
p/42.jpg 1 0 0 300 300
p/39.jpg 1 0 0 300 300
p/36.jpg 1 0 0 300 300
p/32.jpg 1 0 0 300 300
p/29.jpg 1 0 0 300 300
p/26.jpg 1 0 0 300 300
p/22.jpg 1 0 0 300 300
p/2.jpg 1 0 0 300 300
p/19.jpg 1 0 0 300 300
p/16.jpg 1 0 0 300 300
p/12.jpg 1 0 0 300 300
p/9.jpg 1 0 0 300 300
p/6.jpg 1 0 0 300 300
p/3.jpg 1 0 0 300 300
p/299.jpg 1 0 0 300 300
p/296.jpg 1 0 0 300 300
p/293.jpg 1 0 0 300 300
p/289.jpg 1 0 0 300 300
p/269.jpg 1 0 0 300 300
p/286.jpg 1 0 0 300 300
p/283.jpg 1 0 0 300 300
p/279.jpg 1 0 0 300 300
p/276.jpg 1 0 0 300 300
p/273.jpg 1 0 0 300 300
p/270.jpg 1 0 0 300 300
p/266.jpg 1 0 0 300 300
p/263.jpg 1 0 0 300 300
p/260.jpg 1 0 0 300 300
p/256.jpg 1 0 0 300 300
p/236.jpg 1 0 0 300 300
p/253.jpg 1 0 0 300 300
p/250.jpg 1 0 0 300 300
p/246.jpg 1 0 0 300 300
p/243.jpg 1 0 0 300 300
p/240.jpg 1 0 0 300 300
p/237.jpg 1 0 0 300 300
p/233.jpg 1 0 0 300 300
p/230.jpg 1 0 0 300 300
p/227.jpg 1 0 0 300 300
p/226.jpg 1 0 0 300 300
p/221.jpg 1 0 0 300 300
p/201.jpg 1 0 0 300 300
p/1.jpg 1 0 0 300 300
p/220.jpg 1 0 0 300 300
p/217.jpg 1 0 0 300 300
p/214.jpg 1 0 0 300 300
p/210.jpg 1 0 0 300 300
p/207.jpg 1 0 0 300 300
p/204.jpg 1 0 0 300 300
p/200.jpg 1 0 0 300 300
p/197.jpg 1 0 0 300 300
p/194.jpg 1 0 0 300 300
p/191.jpg 1 0 0 300 300
p/190.jpg 1 0 0 300 300
p/187.jpg 1 0 0 300 300
p/184.jpg 1 0 0 300 300
p/181.jpg 1 0 0 300 300
p/177.jpg 1 0 0 300 300
p/174.jpg 1 0 0 300 300
p/171.jpg 1 0 0 300 300
p/167.jpg 1 0 0 300 300
p/164.jpg 1 0 0 300 300
p/161.jpg 1 0 0 300 300
p/158.jpg 1 0 0 300 300
p/157.jpg 1 0 0 300 300
p/154.jpg 1 0 0 300 300
p/148.jpg 1 0 0 300 300
p/151.jpg 1 0 0 300 300
p/141.jpg 1 0 0 300 300
p/144.jpg 1 0 0 300 300
p/138.jpg 1 0 0 300 300
p/134.jpg 1 0 0 300 300
p/131.jpg 1 0 0 300 300
p/128.jpg 1 0 0 300 300
p/125.jpg 1 0 0 300 300
p/124.jpg 1 0 0 300 300
p/121.jpg 1 0 0 300 300
p/118.jpg 1 0 0 300 300
p/115.jpg 1 0 0 300 300
p/110.jpg 1 0 0 300 300
p/107.jpg 1 0 0 300 300
p/104.jpg 1 0 0 300 300
p/100.jpg 1 0 0 300 300
p/97.jpg 1 0 0 300 300
p/94.jpg 1 0 0 300 300
p/90.jpg 1 0 0 300 300
p/91.jpg 1 0 0 300 300
p/87.jpg 1 0 0 300 300
p/84.jpg 1 0 0 300 300
p/77.jpg 1 0 0 300 300
p/81.jpg 1 0 0 300 300
p/74.jpg 1 0 0 300 300
p/71.jpg 1 0 0 300 300
p/67.jpg 1 0 0 300 300
p/64.jpg 1 0 0 300 300
p/61.jpg 1 0 0 300 300
p/58.jpg 1 0 0 300 300
p/57.jpg 1 0 0 300 300
p/54.jpg 1 0 0 300 300
p/51.jpg 1 0 0 300 300
p/48.jpg 1 0 0 300 300
p/44.jpg 1 0 0 300 300
p/41.jpg 1 0 0 300 300
p/38.jpg 1 0 0 300 300
p/34.jpg 1 0 0 300 300
p/31.jpg 1 0 0 300 300
p/28.jpg 1 0 0 300 300
p/25.jpg 1 0 0 300 300
p/24.jpg 1 0 0 300 300
p/21.jpg 1 0 0 300 300
p/18.jpg 1 0 0 300 300
p/15.jpg 1 0 0 300 300
p/11.jpg 1 0 0 300 300
p/8.jpg 1 0 0 300 300
p/5.jpg 1 0 0 300 300
p/301.jpg 1 0 0 300 300
p/298.jpg 1 0 0 300 300
p/295.jpg 1 0 0 300 300
p/292.jpg 1 0 0 300 300
p/291.jpg 1 0 0 300 300
p/288.jpg 1 0 0 300 300
p/285.jpg 1 0 0 300 300
p/282.jpg 1 0 0 300 300
p/278.jpg 1 0 0 300 300
p/275.jpg 1 0 0 300 300
p/272.jpg 1 0 0 300 300
p/268.jpg 1 0 0 300 300
p/265.jpg 1 0 0 300 300
p/262.jpg 1 0 0 300 300
p/259.jpg 1 0 0 300 300
p/258.jpg 1 0 0 300 300
p/255.jpg 1 0 0 300 300
p/252.jpg 1 0 0 300 300
p/249.jpg 1 0 0 300 300
p/245.jpg 1 0 0 300 300
p/242.jpg 1 0 0 300 300
p/239.jpg 1 0 0 300 300
p/235.jpg 1 0 0 300 300
p/232.jpg 1 0 0 300 300
p/229.jpg 1 0 0 300 300
p/225.jpg 1 0 0 300 300
p/224.jpg 1 0 0 300 300
p/223.jpg 1 0 0 300 300